Build started 29.07.2021. 17:42:22.
     1>Project "C:\Users\RVeVe\Documents\Visual Studio 2010\Projects\Prva godina\Seminarski\Seminarski\Seminarski.vcxproj" on node 2 (build target(s)).
     1>InitializeBuildStatus:
         Creating "Debug\Seminarski.unsuccessfulbuild" because "AlwaysCreate" was specified.
       ClCompile:
         D:\Program Files (x86)\Microsoft Visual Studio 10.0\VC\bin\CL.exe /c /ZI /nologo /W3 /WX- /Od /Oy- /D WIN32 /D _DEBUG /D _CONSOLE /D _UNICODE /D UNICODE /Gm /EHsc /RTC1 /MDd /GS /fp:precise /Zc:wchar_t /Zc:forScope /Fo"Debug\\" /Fd"Debug\vc100.pdb" /Gd /TC /analyze- /errorReport:prompt main.c
         main.c
     1>c:\users\rveve\documents\visual studio 2010\projects\prva godina\seminarski\seminarski\main.c(32): warning C4996: 'fopen': This function or variable may be unsafe. Consider using fopen_s instead. To disable deprecation, use _CRT_SECURE_NO_WARNINGS. See online help for details.
                 d:\program files (x86)\microsoft visual studio 10.0\vc\include\stdio.h(234) : see declaration of 'fopen'
     1>c:\users\rveve\documents\visual studio 2010\projects\prva godina\seminarski\seminarski\main.c(40): warning C4244: 'function' : conversion from 'time_t' to 'unsigned int', possible loss of data
     1>c:\users\rveve\documents\visual studio 2010\projects\prva godina\seminarski\seminarski\main.c(45): warning C4996: 'fscanf': This function or variable may be unsafe. Consider using fscanf_s instead. To disable deprecation, use _CRT_SECURE_NO_WARNINGS. See online help for details.
                 d:\program files (x86)\microsoft visual studio 10.0\vc\include\stdio.h(253) : see declaration of 'fscanf'
     1>c:\users\rveve\documents\visual studio 2010\projects\prva godina\seminarski\seminarski\main.c(48): warning C4047: '==' : 'int' differs in levels of indirection from 'void *'
     1>c:\users\rveve\documents\visual studio 2010\projects\prva godina\seminarski\seminarski\main.c(48): warning C4996: 'fscanf': This function or variable may be unsafe. Consider using fscanf_s instead. To disable deprecation, use _CRT_SECURE_NO_WARNINGS. See online help for details.
                 d:\program files (x86)\microsoft visual studio 10.0\vc\include\stdio.h(253) : see declaration of 'fscanf'
     1>c:\users\rveve\documents\visual studio 2010\projects\prva godina\seminarski\seminarski\main.c(51): warning C4018: '<' : signed/unsigned mismatch
     1>c:\users\rveve\documents\visual studio 2010\projects\prva godina\seminarski\seminarski\main.c(54): warning C4996: 'strcpy': This function or variable may be unsafe. Consider using strcpy_s instead. To disable deprecation, use _CRT_SECURE_NO_WARNINGS. See online help for details.
                 d:\program files (x86)\microsoft visual studio 10.0\vc\include\string.h(105) : see declaration of 'strcpy'
     1>c:\users\rveve\documents\visual studio 2010\projects\prva godina\seminarski\seminarski\main.c(56): warning C4996: 'strcat': This function or variable may be unsafe. Consider using strcat_s instead. To disable deprecation, use _CRT_SECURE_NO_WARNINGS. See online help for details.
                 d:\program files (x86)\microsoft visual studio 10.0\vc\include\string.h(110) : see declaration of 'strcat'
     1>c:\users\rveve\documents\visual studio 2010\projects\prva godina\seminarski\seminarski\main.c(64): warning C4996: 'scanf': This function or variable may be unsafe. Consider using scanf_s instead. To disable deprecation, use _CRT_SECURE_NO_WARNINGS. See online help for details.
                 d:\program files (x86)\microsoft visual studio 10.0\vc\include\stdio.h(304) : see declaration of 'scanf'
     1>c:\users\rveve\documents\visual studio 2010\projects\prva godina\seminarski\seminarski\main.c(69): warning C4996: 'scanf': This function or variable may be unsafe. Consider using scanf_s instead. To disable deprecation, use _CRT_SECURE_NO_WARNINGS. See online help for details.
                 d:\program files (x86)\microsoft visual studio 10.0\vc\include\stdio.h(304) : see declaration of 'scanf'
     1>c:\users\rveve\documents\visual studio 2010\projects\prva godina\seminarski\seminarski\main.c(80): warning C4996: 'strcpy': This function or variable may be unsafe. Consider using strcpy_s instead. To disable deprecation, use _CRT_SECURE_NO_WARNINGS. See online help for details.
                 d:\program files (x86)\microsoft visual studio 10.0\vc\include\string.h(105) : see declaration of 'strcpy'
     1>c:\users\rveve\documents\visual studio 2010\projects\prva godina\seminarski\seminarski\main.c(93): warning C4996: 'scanf': This function or variable may be unsafe. Consider using scanf_s instead. To disable deprecation, use _CRT_SECURE_NO_WARNINGS. See online help for details.
                 d:\program files (x86)\microsoft visual studio 10.0\vc\include\stdio.h(304) : see declaration of 'scanf'
     1>c:\users\rveve\documents\visual studio 2010\projects\prva godina\seminarski\seminarski\main.c(105): warning C4018: '<' : signed/unsigned mismatch
     1>c:\users\rveve\documents\visual studio 2010\projects\prva godina\seminarski\seminarski\main.c(136): warning C4996: 'scanf': This function or variable may be unsafe. Consider using scanf_s instead. To disable deprecation, use _CRT_SECURE_NO_WARNINGS. See online help for details.
                 d:\program files (x86)\microsoft visual studio 10.0\vc\include\stdio.h(304) : see declaration of 'scanf'
       ManifestResourceCompile:
         C:\Program Files (x86)\Microsoft SDKs\Windows\v7.0A\bin\rc.exe /nologo /fo"Debug\Seminarski.exe.embed.manifest.res" Debug\Seminarski_manifest.rc 
       Link:
         D:\Program Files (x86)\Microsoft Visual Studio 10.0\VC\bin\link.exe /ERRORREPORT:PROMPT /OUT:"C:\Users\RVeVe\Documents\Visual Studio 2010\Projects\Prva godina\Seminarski\Debug\Seminarski.exe" /INCREMENTAL /NOLOGO kernel32.lib user32.lib gdi32.lib winspool.lib comdlg32.lib advapi32.lib shell32.lib ole32.lib oleaut32.lib uuid.lib odbc32.lib odbccp32.lib /MANIFEST /ManifestFile:"Debug\Seminarski.exe.intermediate.manifest" /MANIFESTUAC:"level='asInvoker' uiAccess='false'" /DEBUG /PDB:"C:\Users\RVeVe\Documents\Visual Studio 2010\Projects\Prva godina\Seminarski\Debug\Seminarski.pdb" /SUBSYSTEM:CONSOLE /TLBID:1 /DYNAMICBASE /NXCOMPAT /IMPLIB:"C:\Users\RVeVe\Documents\Visual Studio 2010\Projects\Prva godina\Seminarski\Debug\Seminarski.lib" /MACHINE:X86 Debug\Seminarski.exe.embed.manifest.res
         Debug\main.obj
       Manifest:
         C:\Program Files (x86)\Microsoft SDKs\Windows\v7.0A\bin\mt.exe /nologo /verbose /out:"Debug\Seminarski.exe.embed.manifest" /manifest Debug\Seminarski.exe.intermediate.manifest
         All outputs are up-to-date.
       LinkEmbedManifest:
         All outputs are up-to-date.
         Seminarski.vcxproj -> C:\Users\RVeVe\Documents\Visual Studio 2010\Projects\Prva godina\Seminarski\Debug\Seminarski.exe
       FinalizeBuildStatus:
         Deleting file "Debug\Seminarski.unsuccessfulbuild".
         Touching "Debug\Seminarski.lastbuildstate".
     1>Done Building Project "C:\Users\RVeVe\Documents\Visual Studio 2010\Projects\Prva godina\Seminarski\Seminarski\Seminarski.vcxproj" (build target(s)).

Build succeeded.

Time Elapsed 00:00:03.18
